JUCE v8.0.8
[DEBUG] ComputePhaseIncrement input: midi_pitch = 7680
[DEBUG] ref_pitch after subtracting kPitchTableStart: -8704
[DEBUG] ref_pitch after octave shifts: 512, num_shifts: 6
[DEBUG] Before shifts: phase_increment = 749115497
[DEBUG] Final phase_increment = 11704929
[DEBUG] ComputePhaseIncrement input: midi_pitch = 7680
[DEBUG] ref_pitch after subtracting kPitchTableStart: -8704
[DEBUG] ref_pitch after octave shifts: 512, num_shifts: 6
[DEBUG] Before shifts: phase_increment = 749115497
[DEBUG] Final phase_increment = 11704929
[DEBUG] ComputePhaseIncrement input: midi_pitch = 7680
[DEBUG] ref_pitch after subtracting kPitchTableStart: -8704
[DEBUG] ref_pitch after octave shifts: 512, num_shifts: 6
[DEBUG] Before shifts: phase_increment = 749115497
[DEBUG] Final phase_increment = 11704929
[DEBUG] ComputePhaseIncrement input: midi_pitch = 7680
[DEBUG] ref_pitch after subtracting kPitchTableStart: -8704
[DEBUG] ref_pitch after octave shifts: 512, num_shifts: 6
[DEBUG] Before shifts: phase_increment = 749115497
[DEBUG] Final phase_increment = 11704929
[DEBUG] ComputePhaseIncrement input: midi_pitch = 7680
[DEBUG] ref_pitch after subtracting kPitchTableStart: -8704
[DEBUG] ref_pitch after octave shifts: 512, num_shifts: 6
[DEBUG] Before shifts: phase_increment = 749115497
[DEBUG] Final phase_increment = 11704929
[DEBUG] ComputePhaseIncrement input: midi_pitch = 7680
[DEBUG] ref_pitch after subtracting kPitchTableStart: -8704
[DEBUG] ref_pitch after octave shifts: 512, num_shifts: 6
[DEBUG] Before shifts: phase_increment = 749115497
[DEBUG] Final phase_increment = 11704929
[DEBUG] ComputePhaseIncrement input: midi_pitch = 7680
[DEBUG] ref_pitch after subtracting kPitchTableStart: -8704
[DEBUG] ref_pitch after octave shifts: 512, num_shifts: 6
[DEBUG] Before shifts: phase_increment = 749115497
[DEBUG] Final phase_increment = 11704929
[DEBUG] ComputePhaseIncrement input: midi_pitch = 7680
[DEBUG] ref_pitch after subtracting kPitchTableStart: -8704
[DEBUG] ref_pitch after octave shifts: 512, num_shifts: 6
[DEBUG] Before shifts: phase_increment = 749115497
[DEBUG] Final phase_increment = 11704929
[DEBUG] ComputePhaseIncrement input: midi_pitch = 7680
[DEBUG] ref_pitch after subtracting kPitchTableStart: -8704
[DEBUG] ref_pitch after octave shifts: 512, num_shifts: 6
[DEBUG] Before shifts: phase_increment = 749115497
[DEBUG] Final phase_increment = 11704929
[DEBUG] ComputePhaseIncrement input: midi_pitch = 7680
[DEBUG] ref_pitch after subtracting kPitchTableStart: -8704
[DEBUG] ref_pitch after octave shifts: 512, num_shifts: 6
[DEBUG] Before shifts: phase_increment = 749115497
[DEBUG] Final phase_increment = 11704929
[DEBUG] ComputePhaseIncrement input: midi_pitch = 7680
[DEBUG] ref_pitch after subtracting kPitchTableStart: -8704
[DEBUG] ref_pitch after octave shifts: 512, num_shifts: 6
[DEBUG] Before shifts: phase_increment = 749115497
[DEBUG] Final phase_increment = 11704929
[DEBUG] ComputePhaseIncrement input: midi_pitch = 7680
[DEBUG] ref_pitch after subtracting kPitchTableStart: -8704
[DEBUG] ref_pitch after octave shifts: 512, num_shifts: 6
[DEBUG] Before shifts: phase_increment = 749115497
[DEBUG] Final phase_increment = 11704929
[DEBUG] ComputePhaseIncrement input: midi_pitch = 7680
[DEBUG] ref_pitch after subtracting kPitchTableStart: -8704
[DEBUG] ref_pitch after octave shifts: 512, num_shifts: 6
[DEBUG] Before shifts: phase_increment = 749115497
[DEBUG] Final phase_increment = 11704929
[DEBUG] ComputePhaseIncrement input: midi_pitch = 7680
[DEBUG] ref_pitch after subtracting kPitchTableStart: -8704
[DEBUG] ref_pitch after octave shifts: 512, num_shifts: 6
[DEBUG] Before shifts: phase_increment = 749115497
[DEBUG] Final phase_increment = 11704929
[DEBUG] ComputePhaseIncrement input: midi_pitch = 7680
[DEBUG] ref_pitch after subtracting kPitchTableStart: -8704
[DEBUG] ref_pitch after octave shifts: 512, num_shifts: 6
[DEBUG] Before shifts: phase_increment = 749115497
[DEBUG] Final phase_increment = 11704929
[DEBUG] ComputePhaseIncrement input: midi_pitch = 7680
[DEBUG] ref_pitch after subtracting kPitchTableStart: -8704
[DEBUG] ref_pitch after octave shifts: 512, num_shifts: 6
[DEBUG] Before shifts: phase_increment = 749115497
[DEBUG] Final phase_increment = 11704929
[DEBUG] ComputePhaseIncrement input: midi_pitch = 7680
[DEBUG] ref_pitch after subtracting kPitchTableStart: -8704
[DEBUG] ref_pitch after octave shifts: 512, num_shifts: 6
[DEBUG] Before shifts: phase_increment = 749115497
[DEBUG] Final phase_increment = 11704929
[DEBUG] ComputePhaseIncrement input: midi_pitch = 7680
[DEBUG] ref_pitch after subtracting kPitchTableStart: -8704
[DEBUG] ref_pitch after octave shifts: 512, num_shifts: 6
[DEBUG] Before shifts: phase_increment = 749115497
[DEBUG] Final phase_increment = 11704929
[DEBUG] ComputePhaseIncrement input: midi_pitch = 7680
[DEBUG] ref_pitch after subtracting kPitchTableStart: -8704
[DEBUG] ref_pitch after octave shifts: 512, num_shifts: 6
[DEBUG] Before shifts: phase_increment = 749115497
[DEBUG] Final phase_increment = 11704929
[DEBUG] ComputePhaseIncrement input: midi_pitch = 7680
[DEBUG] ref_pitch after subtracting kPitchTableStart: -8704
[DEBUG] ref_pitch after octave shifts: 512, num_shifts: 6
[DEBUG] Before shifts: phase_increment = 749115497
[DEBUG] Final phase_increment = 11704929
[DEBUG] ComputePhaseIncrement input: midi_pitch = 7680
[DEBUG] ref_pitch after subtracting kPitchTableStart: -8704
[DEBUG] ref_pitch after octave shifts: 512, num_shifts: 6
[DEBUG] Before shifts: phase_increment = 749115497
[DEBUG] Final phase_increment = 11704929
[DEBUG] ComputePhaseIncrement input: midi_pitch = 7680
[DEBUG] ref_pitch after subtracting kPitchTableStart: -8704
[DEBUG] ref_pitch after octave shifts: 512, num_shifts: 6
[DEBUG] Before shifts: phase_increment = 749115497
[DEBUG] Final phase_increment = 11704929
[DEBUG] ComputePhaseIncrement input: midi_pitch = 7680
[DEBUG] ref_pitch after subtracting kPitchTableStart: -8704
[DEBUG] ref_pitch after octave shifts: 512, num_shifts: 6
[DEBUG] Before shifts: phase_increment = 749115497
[DEBUG] Final phase_increment = 11704929
[DEBUG] ComputePhaseIncrement input: midi_pitch = 7680
[DEBUG] ref_pitch after subtracting kPitchTableStart: -8704
[DEBUG] ref_pitch after octave shifts: 512, num_shifts: 6
[DEBUG] Before shifts: phase_increment = 749115497
[DEBUG] Final phase_increment = 11704929
[DEBUG] ComputePhaseIncrement input: midi_pitch = 7680
[DEBUG] ref_pitch after subtracting kPitchTableStart: -8704
[DEBUG] ref_pitch after octave shifts: 512, num_shifts: 6
[DEBUG] Before shifts: phase_increment = 749115497
[DEBUG] Final phase_increment = 11704929
[DEBUG] ComputePhaseIncrement input: midi_pitch = 7680
[DEBUG] ref_pitch after subtracting kPitchTableStart: -8704
[DEBUG] ref_pitch after octave shifts: 512, num_shifts: 6
[DEBUG] Before shifts: phase_increment = 749115497
[DEBUG] Final phase_increment = 11704929
[DEBUG] ComputePhaseIncrement input: midi_pitch = 7680
[DEBUG] ref_pitch after subtracting kPitchTableStart: -8704
[DEBUG] ref_pitch after octave shifts: 512, num_shifts: 6
[DEBUG] Before shifts: phase_increment = 749115497
[DEBUG] Final phase_increment = 11704929
[DEBUG] ComputePhaseIncrement input: midi_pitch = 7680
[DEBUG] ref_pitch after subtracting kPitchTableStart: -8704
[DEBUG] ref_pitch after octave shifts: 512, num_shifts: 6
[DEBUG] Before shifts: phase_increment = 749115497
[DEBUG] Final phase_increment = 11704929
[DEBUG] ComputePhaseIncrement input: midi_pitch = 7680
[DEBUG] ref_pitch after subtracting kPitchTableStart: -8704
[DEBUG] ref_pitch after octave shifts: 512, num_shifts: 6
[DEBUG] Before shifts: phase_increment = 749115497
[DEBUG] Final phase_increment = 11704929
[DEBUG] ComputePhaseIncrement input: midi_pitch = 7680
[DEBUG] ref_pitch after subtracting kPitchTableStart: -8704
[DEBUG] ref_pitch after octave shifts: 512, num_shifts: 6
[DEBUG] Before shifts: phase_increment = 749115497
[DEBUG] Final phase_increment = 11704929
[DEBUG] ComputePhaseIncrement input: midi_pitch = 7680
[DEBUG] ref_pitch after subtracting kPitchTableStart: -8704
[DEBUG] ref_pitch after octave shifts: 512, num_shifts: 6
[DEBUG] Before shifts: phase_increment = 749115497
[DEBUG] Final phase_increment = 11704929
[DEBUG] ComputePhaseIncrement input: midi_pitch = 7680
[DEBUG] ref_pitch after subtracting kPitchTableStart: -8704
[DEBUG] ref_pitch after octave shifts: 512, num_shifts: 6
[DEBUG] Before shifts: phase_increment = 749115497
[DEBUG] Final phase_increment = 11704929
[DEBUG] ComputePhaseIncrement input: midi_pitch = 7680
[DEBUG] ref_pitch after subtracting kPitchTableStart: -8704
[DEBUG] ref_pitch after octave shifts: 512, num_shifts: 6
[DEBUG] Before shifts: phase_increment = 749115497
[DEBUG] Final phase_increment = 11704929
[DEBUG] ComputePhaseIncrement input: midi_pitch = 7680
[DEBUG] ref_pitch after subtracting kPitchTableStart: -8704
[DEBUG] ref_pitch after octave shifts: 512, num_shifts: 6
[DEBUG] Before shifts: phase_increment = 749115497
[DEBUG] Final phase_increment = 11704929
[DEBUG] ComputePhaseIncrement input: midi_pitch = 7680
[DEBUG] ref_pitch after subtracting kPitchTableStart: -8704
[DEBUG] ref_pitch after octave shifts: 512, num_shifts: 6
[DEBUG] Before shifts: phase_increment = 749115497
[DEBUG] Final phase_increment = 11704929
[DEBUG] ComputePhaseIncrement input: midi_pitch = 7680
[DEBUG] ref_pitch after subtracting kPitchTableStart: -8704
[DEBUG] ref_pitch after octave shifts: 512, num_shifts: 6
[DEBUG] Before shifts: phase_increment = 749115497
[DEBUG] Final phase_increment = 11704929
[DEBUG] ComputePhaseIncrement input: midi_pitch = 7680
[DEBUG] ref_pitch after subtracting kPitchTableStart: -8704
[DEBUG] ref_pitch after octave shifts: 512, num_shifts: 6
[DEBUG] Before shifts: phase_increment = 749115497
[DEBUG] Final phase_increment = 11704929
[DEBUG] ComputePhaseIncrement input: midi_pitch = 7680
[DEBUG] ref_pitch after subtracting kPitchTableStart: -8704
[DEBUG] ref_pitch after octave shifts: 512, num_shifts: 6
[DEBUG] Before shifts: phase_increment = 749115497
[DEBUG] Final phase_increment = 11704929
[DEBUG] ComputePhaseIncrement input: midi_pitch = 7680
[DEBUG] ref_pitch after subtracting kPitchTableStart: -8704
[DEBUG] ref_pitch after octave shifts: 512, num_shifts: 6
[DEBUG] Before shifts: phase_increment = 749115497
[DEBUG] Final phase_increment = 11704929
[DEBUG] ComputePhaseIncrement input: midi_pitch = 7680
[DEBUG] ref_pitch after subtracting kPitchTableStart: -8704
[DEBUG] ref_pitch after octave shifts: 512, num_shifts: 6
[DEBUG] Before shifts: phase_increment = 749115497
[DEBUG] Final phase_increment = 11704929
[DEBUG] ComputePhaseIncrement input: midi_pitch = 7680
[DEBUG] ref_pitch after subtracting kPitchTableStart: -8704
[DEBUG] ref_pitch after octave shifts: 512, num_shifts: 6
[DEBUG] Before shifts: phase_increment = 749115497
[DEBUG] Final phase_increment = 11704929
[DEBUG] ComputePhaseIncrement input: midi_pitch = 7680
[DEBUG] ref_pitch after subtracting kPitchTableStart: -8704
[DEBUG] ref_pitch after octave shifts: 512, num_shifts: 6
[DEBUG] Before shifts: phase_increment = 749115497
[DEBUG] Final phase_increment = 11704929
[DEBUG] ComputePhaseIncrement input: midi_pitch = 7680
[DEBUG] ref_pitch after subtracting kPitchTableStart: -8704
[DEBUG] ref_pitch after octave shifts: 512, num_shifts: 6
[DEBUG] Before shifts: phase_increment = 749115497
[DEBUG] Final phase_increment = 11704929
[DEBUG] ComputePhaseIncrement input: midi_pitch = 7680
[DEBUG] ref_pitch after subtracting kPitchTableStart: -8704
[DEBUG] ref_pitch after octave shifts: 512, num_shifts: 6
[DEBUG] Before shifts: phase_increment = 749115497
[DEBUG] Final phase_increment = 11704929
[DEBUG] ComputePhaseIncrement input: midi_pitch = 7680
[DEBUG] ref_pitch after subtracting kPitchTableStart: -8704
[DEBUG] ref_pitch after octave shifts: 512, num_shifts: 6
[DEBUG] Before shifts: phase_increment = 749115497
[DEBUG] Final phase_increment = 11704929
[DEBUG] ComputePhaseIncrement input: midi_pitch = 7680
[DEBUG] ref_pitch after subtracting kPitchTableStart: -8704
[DEBUG] ref_pitch after octave shifts: 512, num_shifts: 6
[DEBUG] Before shifts: phase_increment = 749115497
[DEBUG] Final phase_increment = 11704929
[DEBUG] ComputePhaseIncrement input: midi_pitch = 7680
[DEBUG] ref_pitch after subtracting kPitchTableStart: -8704
[DEBUG] ref_pitch after octave shifts: 512, num_shifts: 6
[DEBUG] Before shifts: phase_increment = 749115497
[DEBUG] Final phase_increment = 11704929
[DEBUG] ComputePhaseIncrement input: midi_pitch = 7680
[DEBUG] ref_pitch after subtracting kPitchTableStart: -8704
[DEBUG] ref_pitch after octave shifts: 512, num_shifts: 6
[DEBUG] Before shifts: phase_increment = 749115497
[DEBUG] Final phase_increment = 11704929
[DEBUG] ComputePhaseIncrement input: midi_pitch = 7680
[DEBUG] ref_pitch after subtracting kPitchTableStart: -8704
[DEBUG] ref_pitch after octave shifts: 512, num_shifts: 6
[DEBUG] Before shifts: phase_increment = 749115497
[DEBUG] Final phase_increment = 11704929
[DEBUG] ComputePhaseIncrement input: midi_pitch = 7680
[DEBUG] ref_pitch after subtracting kPitchTableStart: -8704
[DEBUG] ref_pitch after octave shifts: 512, num_shifts: 6
[DEBUG] Before shifts: phase_increment = 749115497
[DEBUG] Final phase_increment = 11704929
[DEBUG] ComputePhaseIncrement input: midi_pitch = 7680
[DEBUG] ref_pitch after subtracting kPitchTableStart: -8704
[DEBUG] ref_pitch after octave shifts: 512, num_shifts: 6
[DEBUG] Before shifts: phase_increment = 749115497
[DEBUG] Final phase_increment = 11704929
[DEBUG] ComputePhaseIncrement input: midi_pitch = 7680
[DEBUG] ref_pitch after subtracting kPitchTableStart: -8704
[DEBUG] ref_pitch after octave shifts: 512, num_shifts: 6
[DEBUG] Before shifts: phase_increment = 749115497
[DEBUG] Final phase_increment = 11704929
[DEBUG] ComputePhaseIncrement input: midi_pitch = 7680
[DEBUG] ref_pitch after subtracting kPitchTableStart: -8704
[DEBUG] ref_pitch after octave shifts: 512, num_shifts: 6
[DEBUG] Before shifts: phase_increment = 749115497
[DEBUG] Final phase_increment = 11704929
[DEBUG] ComputePhaseIncrement input: midi_pitch = 7680
[DEBUG] ref_pitch after subtracting kPitchTableStart: -8704
[DEBUG] ref_pitch after octave shifts: 512, num_shifts: 6
[DEBUG] Before shifts: phase_increment = 749115497
[DEBUG] Final phase_increment = 11704929
[DEBUG] ComputePhaseIncrement input: midi_pitch = 7680
[DEBUG] ref_pitch after subtracting kPitchTableStart: -8704
[DEBUG] ref_pitch after octave shifts: 512, num_shifts: 6
[DEBUG] Before shifts: phase_increment = 749115497
[DEBUG] Final phase_increment = 11704929
[DEBUG] ComputePhaseIncrement input: midi_pitch = 7680
[DEBUG] ref_pitch after subtracting kPitchTableStart: -8704
[DEBUG] ref_pitch after octave shifts: 512, num_shifts: 6
[DEBUG] Before shifts: phase_increment = 749115497
[DEBUG] Final phase_increment = 11704929
[DEBUG] ComputePhaseIncrement input: midi_pitch = 7680
[DEBUG] ref_pitch after subtracting kPitchTableStart: -8704
[DEBUG] ref_pitch after octave shifts: 512, num_shifts: 6
[DEBUG] Before shifts: phase_increment = 749115497
[DEBUG] Final phase_increment = 11704929
[DEBUG] ComputePhaseIncrement input: midi_pitch = 7680
[DEBUG] ref_pitch after subtracting kPitchTableStart: -8704
[DEBUG] ref_pitch after octave shifts: 512, num_shifts: 6
[DEBUG] Before shifts: phase_increment = 749115497
[DEBUG] Final phase_increment = 11704929
[DEBUG] ComputePhaseIncrement input: midi_pitch = 7680
[DEBUG] ref_pitch after subtracting kPitchTableStart: -8704
[DEBUG] ref_pitch after octave shifts: 512, num_shifts: 6
[DEBUG] Before shifts: phase_increment = 749115497
[DEBUG] Final phase_increment = 11704929
[DEBUG] ComputePhaseIncrement input: midi_pitch = 7680
[DEBUG] ref_pitch after subtracting kPitchTableStart: -8704
[DEBUG] ref_pitch after octave shifts: 512, num_shifts: 6
[DEBUG] Before shifts: phase_increment = 749115497
[DEBUG] Final phase_increment = 11704929
[DEBUG] ComputePhaseIncrement input: midi_pitch = 7680
[DEBUG] ref_pitch after subtracting kPitchTableStart: -8704
[DEBUG] ref_pitch after octave shifts: 512, num_shifts: 6
[DEBUG] Before shifts: phase_increment = 749115497
[DEBUG] Final phase_increment = 11704929
[DEBUG] ComputePhaseIncrement input: midi_pitch = 7680
[DEBUG] ref_pitch after subtracting kPitchTableStart: -8704
[DEBUG] ref_pitch after octave shifts: 512, num_shifts: 6
[DEBUG] Before shifts: phase_increment = 749115497
[DEBUG] Final phase_increment = 11704929
[DEBUG] ComputePhaseIncrement input: midi_pitch = 7680
[DEBUG] ref_pitch after subtracting kPitchTableStart: -8704
[DEBUG] ref_pitch after octave shifts: 512, num_shifts: 6
[DEBUG] Before shifts: phase_increment = 749115497
[DEBUG] Final phase_increment = 11704929
[DEBUG] ComputePhaseIncrement input: midi_pitch = 7680
[DEBUG] ref_pitch after subtracting kPitchTableStart: -8704
[DEBUG] ref_pitch after octave shifts: 512, num_shifts: 6
[DEBUG] Before shifts: phase_increment = 749115497
[DEBUG] Final phase_increment = 11704929
[DEBUG] ComputePhaseIncrement input: midi_pitch = 7680
[DEBUG] ref_pitch after subtracting kPitchTableStart: -8704
[DEBUG] ref_pitch after octave shifts: 512, num_shifts: 6
[DEBUG] Before shifts: phase_increment = 749115497
[DEBUG] Final phase_increment = 11704929
[DEBUG] ComputePhaseIncrement input: midi_pitch = 7680
[DEBUG] ref_pitch after subtracting kPitchTableStart: -8704
[DEBUG] ref_pitch after octave shifts: 512, num_shifts: 6
[DEBUG] Before shifts: phase_increment = 749115497
[DEBUG] Final phase_increment = 11704929
[DEBUG] ComputePhaseIncrement input: midi_pitch = 7680
[DEBUG] ref_pitch after subtracting kPitchTableStart: -8704
[DEBUG] ref_pitch after octave shifts: 512, num_shifts: 6
[DEBUG] Before shifts: phase_increment = 749115497
[DEBUG] Final phase_increment = 11704929
[DEBUG] ComputePhaseIncrement input: midi_pitch = 7680
[DEBUG] ref_pitch after subtracting kPitchTableStart: -8704
[DEBUG] ref_pitch after octave shifts: 512, num_shifts: 6
[DEBUG] Before shifts: phase_increment = 749115497
[DEBUG] Final phase_increment = 11704929
[DEBUG] ComputePhaseIncrement input: midi_pitch = 7680
[DEBUG] ref_pitch after subtracting kPitchTableStart: -8704
[DEBUG] ref_pitch after octave shifts: 512, num_shifts: 6
[DEBUG] Before shifts: phase_increment = 749115497
[DEBUG] Final phase_increment = 11704929
[DEBUG] ComputePhaseIncrement input: midi_pitch = 7680
[DEBUG] ref_pitch after subtracting kPitchTableStart: -8704
[DEBUG] ref_pitch after octave shifts: 512, num_shifts: 6
[DEBUG] Before shifts: phase_increment = 749115497
[DEBUG] Final phase_increment = 11704929
[DEBUG] ComputePhaseIncrement input: midi_pitch = 7680
[DEBUG] ref_pitch after subtracting kPitchTableStart: -8704
[DEBUG] ref_pitch after octave shifts: 512, num_shifts: 6
[DEBUG] Before shifts: phase_increment = 749115497
[DEBUG] Final phase_increment = 11704929
[DEBUG] ComputePhaseIncrement input: midi_pitch = 7680
[DEBUG] ref_pitch after subtracting kPitchTableStart: -8704
[DEBUG] ref_pitch after octave shifts: 512, num_shifts: 6
[DEBUG] Before shifts: phase_increment = 749115497
[DEBUG] Final phase_increment = 11704929
[DEBUG] ComputePhaseIncrement input: midi_pitch = 7680
[DEBUG] ref_pitch after subtracting kPitchTableStart: -8704
[DEBUG] ref_pitch after octave shifts: 512, num_shifts: 6
[DEBUG] Before shifts: phase_increment = 749115497
[DEBUG] Final phase_increment = 11704929
[DEBUG] ComputePhaseIncrement input: midi_pitch = 7680
[DEBUG] ref_pitch after subtracting kPitchTableStart: -8704
[DEBUG] ref_pitch after octave shifts: 512, num_shifts: 6
[DEBUG] Before shifts: phase_increment = 749115497
[DEBUG] Final phase_increment = 11704929
[DEBUG] ComputePhaseIncrement input: midi_pitch = 7680
[DEBUG] ref_pitch after subtracting kPitchTableStart: -8704
[DEBUG] ref_pitch after octave shifts: 512, num_shifts: 6
[DEBUG] Before shifts: phase_increment = 749115497
[DEBUG] Final phase_increment = 11704929
[DEBUG] ComputePhaseIncrement input: midi_pitch = 7680
[DEBUG] ref_pitch after subtracting kPitchTableStart: -8704
[DEBUG] ref_pitch after octave shifts: 512, num_shifts: 6
[DEBUG] Before shifts: phase_increment = 749115497
[DEBUG] Final phase_increment = 11704929
[DEBUG] ComputePhaseIncrement input: midi_pitch = 7680
[DEBUG] ref_pitch after subtracting kPitchTableStart: -8704
[DEBUG] ref_pitch after octave shifts: 512, num_shifts: 6
[DEBUG] Before shifts: phase_increment = 749115497
[DEBUG] Final phase_increment = 11704929
[DEBUG] ComputePhaseIncrement input: midi_pitch = 7680
[DEBUG] ref_pitch after subtracting kPitchTableStart: -8704
[DEBUG] ref_pitch after octave shifts: 512, num_shifts: 6
[DEBUG] Before shifts: phase_increment = 749115497
[DEBUG] Final phase_increment = 11704929
[DEBUG] ComputePhaseIncrement input: midi_pitch = 7680
[DEBUG] ref_pitch after subtracting kPitchTableStart: -8704
[DEBUG] ref_pitch after octave shifts: 512, num_shifts: 6
[DEBUG] Before shifts: phase_increment = 749115497
[DEBUG] Final phase_increment = 11704929
[DEBUG] ComputePhaseIncrement input: midi_pitch = 7680
[DEBUG] ref_pitch after subtracting kPitchTableStart: -8704
[DEBUG] ref_pitch after octave shifts: 512, num_shifts: 6
[DEBUG] Before shifts: phase_increment = 749115497
[DEBUG] Final phase_increment = 11704929
[DEBUG] ComputePhaseIncrement input: midi_pitch = 7680
[DEBUG] ref_pitch after subtracting kPitchTableStart: -8704
[DEBUG] ref_pitch after octave shifts: 512, num_shifts: 6
[DEBUG] Before shifts: phase_increment = 749115497
[DEBUG] Final phase_increment = 11704929
[DEBUG] ComputePhaseIncrement input: midi_pitch = 7680
[DEBUG] ref_pitch after subtracting kPitchTableStart: -8704
[DEBUG] ref_pitch after octave shifts: 512, num_shifts: 6
[DEBUG] Before shifts: phase_increment = 749115497
[DEBUG] Final phase_increment = 11704929
[DEBUG] ComputePhaseIncrement input: midi_pitch = 7680
[DEBUG] ref_pitch after subtracting kPitchTableStart: -8704
[DEBUG] ref_pitch after octave shifts: 512, num_shifts: 6
[DEBUG] Before shifts: phase_increment = 749115497
[DEBUG] Final phase_increment = 11704929
[DEBUG] ComputePhaseIncrement input: midi_pitch = 7680
[DEBUG] ref_pitch after subtracting kPitchTableStart: -8704
[DEBUG] ref_pitch after octave shifts: 512, num_shifts: 6
[DEBUG] Before shifts: phase_increment = 749115497
[DEBUG] Final phase_increment = 11704929
[DEBUG] ComputePhaseIncrement input: midi_pitch = 7680
[DEBUG] ref_pitch after subtracting kPitchTableStart: -8704
[DEBUG] ref_pitch after octave shifts: 512, num_shifts: 6
[DEBUG] Before shifts: phase_increment = 749115497
[DEBUG] Final phase_increment = 11704929
[DEBUG] ComputePhaseIncrement input: midi_pitch = 7680
[DEBUG] ref_pitch after subtracting kPitchTableStart: -8704
[DEBUG] ref_pitch after octave shifts: 512, num_shifts: 6
[DEBUG] Before shifts: phase_increment = 749115497
[DEBUG] Final phase_increment = 11704929
[DEBUG] ComputePhaseIncrement input: midi_pitch = 7680
[DEBUG] ref_pitch after subtracting kPitchTableStart: -8704
[DEBUG] ref_pitch after octave shifts: 512, num_shifts: 6
[DEBUG] Before shifts: phase_increment = 749115497
[DEBUG] Final phase_increment = 11704929
[DEBUG] ComputePhaseIncrement input: midi_pitch = 7680
[DEBUG] ref_pitch after subtracting kPitchTableStart: -8704
[DEBUG] ref_pitch after octave shifts: 512, num_shifts: 6
[DEBUG] Before shifts: phase_increment = 749115497
[DEBUG] Final phase_increment = 11704929
[DEBUG] ComputePhaseIncrement input: midi_pitch = 7680
[DEBUG] ref_pitch after subtracting kPitchTableStart: -8704
[DEBUG] ref_pitch after octave shifts: 512, num_shifts: 6
[DEBUG] Before shifts: phase_increment = 749115497
[DEBUG] Final phase_increment = 11704929
[DEBUG] ComputePhaseIncrement input: midi_pitch = 7680
[DEBUG] ref_pitch after subtracting kPitchTableStart: -8704
[DEBUG] ref_pitch after octave shifts: 512, num_shifts: 6
[DEBUG] Before shifts: phase_increment = 749115497
[DEBUG] Final phase_increment = 11704929
[DEBUG] ComputePhaseIncrement input: midi_pitch = 7680
[DEBUG] ref_pitch after subtracting kPitchTableStart: -8704
[DEBUG] ref_pitch after octave shifts: 512, num_shifts: 6
[DEBUG] Before shifts: phase_increment = 749115497
[DEBUG] Final phase_increment = 11704929
[DEBUG] ComputePhaseIncrement input: midi_pitch = 7680
[DEBUG] ref_pitch after subtracting kPitchTableStart: -8704
[DEBUG] ref_pitch after octave shifts: 512, num_shifts: 6
[DEBUG] Before shifts: phase_increment = 749115497
[DEBUG] Final phase_increment = 11704929
[DEBUG] ComputePhaseIncrement input: midi_pitch = 7680
[DEBUG] ref_pitch after subtracting kPitchTableStart: -8704
[DEBUG] ref_pitch after octave shifts: 512, num_shifts: 6
[DEBUG] Before shifts: phase_increment = 749115497
[DEBUG] Final phase_increment = 11704929
[DEBUG] ComputePhaseIncrement input: midi_pitch = 7680
[DEBUG] ref_pitch after subtracting kPitchTableStart: -8704
[DEBUG] ref_pitch after octave shifts: 512, num_shifts: 6
[DEBUG] Before shifts: phase_increment = 749115497
[DEBUG] Final phase_increment = 11704929
[DEBUG] ComputePhaseIncrement input: midi_pitch = 7680
[DEBUG] ref_pitch after subtracting kPitchTableStart: -8704
[DEBUG] ref_pitch after octave shifts: 512, num_shifts: 6
[DEBUG] Before shifts: phase_increment = 749115497
[DEBUG] Final phase_increment = 11704929
[DEBUG] ComputePhaseIncrement input: midi_pitch = 7680
[DEBUG] ref_pitch after subtracting kPitchTableStart: -8704
[DEBUG] ref_pitch after octave shifts: 512, num_shifts: 6
[DEBUG] Before shifts: phase_increment = 749115497
[DEBUG] Final phase_increment = 11704929
[DEBUG] ComputePhaseIncrement input: midi_pitch = 7680
[DEBUG] ref_pitch after subtracting kPitchTableStart: -8704
[DEBUG] ref_pitch after octave shifts: 512, num_shifts: 6
[DEBUG] Before shifts: phase_increment = 749115497
[DEBUG] Final phase_increment = 11704929
[DEBUG] ComputePhaseIncrement input: midi_pitch = 7680
[DEBUG] ref_pitch after subtracting kPitchTableStart: -8704
[DEBUG] ref_pitch after octave shifts: 512, num_shifts: 6
[DEBUG] Before shifts: phase_increment = 749115497
[DEBUG] Final phase_increment = 11704929
[DEBUG] ComputePhaseIncrement input: midi_pitch = 7680
[DEBUG] ref_pitch after subtracting kPitchTableStart: -8704
[DEBUG] ref_pitch after octave shifts: 512, num_shifts: 6
[DEBUG] Before shifts: phase_increment = 749115497
[DEBUG] Final phase_increment = 11704929
[DEBUG] ComputePhaseIncrement input: midi_pitch = 7680
[DEBUG] ref_pitch after subtracting kPitchTableStart: -8704
[DEBUG] ref_pitch after octave shifts: 512, num_shifts: 6
[DEBUG] Before shifts: phase_increment = 749115497
[DEBUG] Final phase_increment = 11704929
[DEBUG] ComputePhaseIncrement input: midi_pitch = 7680
[DEBUG] ref_pitch after subtracting kPitchTableStart: -8704
[DEBUG] ref_pitch after octave shifts: 512, num_shifts: 6
[DEBUG] Before shifts: phase_increment = 749115497
[DEBUG] Final phase_increment = 11704929
[DEBUG] ComputePhaseIncrement input: midi_pitch = 7680
[DEBUG] ref_pitch after subtracting kPitchTableStart: -8704
[DEBUG] ref_pitch after octave shifts: 512, num_shifts: 6
[DEBUG] Before shifts: phase_increment = 749115497
[DEBUG] Final phase_increment = 11704929
[DEBUG] ComputePhaseIncrement input: midi_pitch = 7680
[DEBUG] ref_pitch after subtracting kPitchTableStart: -8704
[DEBUG] ref_pitch after octave shifts: 512, num_shifts: 6
[DEBUG] Before shifts: phase_increment = 749115497
[DEBUG] Final phase_increment = 11704929
[DEBUG] ComputePhaseIncrement input: midi_pitch = 7680
[DEBUG] ref_pitch after subtracting kPitchTableStart: -8704
[DEBUG] ref_pitch after octave shifts: 512, num_shifts: 6
[DEBUG] Before shifts: phase_increment = 749115497
[DEBUG] Final phase_increment = 11704929
[DEBUG] ComputePhaseIncrement input: midi_pitch = 7680
[DEBUG] ref_pitch after subtracting kPitchTableStart: -8704
[DEBUG] ref_pitch after octave shifts: 512, num_shifts: 6
[DEBUG] Before shifts: phase_increment = 749115497
[DEBUG] Final phase_increment = 11704929
[DEBUG] ComputePhaseIncrement input: midi_pitch = 7680
[DEBUG] ref_pitch after subtracting kPitchTableStart: -8704
[DEBUG] ref_pitch after octave shifts: 512, num_shifts: 6
[DEBUG] Before shifts: phase_increment = 749115497
[DEBUG] Final phase_increment = 11704929
[DEBUG] ComputePhaseIncrement input: midi_pitch = 7680
[DEBUG] ref_pitch after subtracting kPitchTableStart: -8704
[DEBUG] ref_pitch after octave shifts: 512, num_shifts: 6
[DEBUG] Before shifts: phase_increment = 749115497
[DEBUG] Final phase_increment = 11704929
[DEBUG] ComputePhaseIncrement input: midi_pitch = 7680
[DEBUG] ref_pitch after subtracting kPitchTableStart: -8704
[DEBUG] ref_pitch after octave shifts: 512, num_shifts: 6
[DEBUG] Before shifts: phase_increment = 749115497
[DEBUG] Final phase_increment = 11704929
[DEBUG] ComputePhaseIncrement input: midi_pitch = 7680
[DEBUG] ref_pitch after subtracting kPitchTableStart: -8704
[DEBUG] ref_pitch after octave shifts: 512, num_shifts: 6
[DEBUG] Before shifts: phase_increment = 749115497
[DEBUG] Final phase_increment = 11704929
[DEBUG] ComputePhaseIncrement input: midi_pitch = 7680
[DEBUG] ref_pitch after subtracting kPitchTableStart: -8704
[DEBUG] ref_pitch after octave shifts: 512, num_shifts: 6
[DEBUG] Before shifts: phase_increment = 749115497
[DEBUG] Final phase_increment = 11704929
[DEBUG] ComputePhaseIncrement input: midi_pitch = 7680
[DEBUG] ref_pitch after subtracting kPitchTableStart: -8704
[DEBUG] ref_pitch after octave shifts: 512, num_shifts: 6
[DEBUG] Before shifts: phase_increment = 749115497
[DEBUG] Final phase_increment = 11704929
[DEBUG] ComputePhaseIncrement input: midi_pitch = 7680
[DEBUG] ref_pitch after subtracting kPitchTableStart: -8704
[DEBUG] ref_pitch after octave shifts: 512, num_shifts: 6
[DEBUG] Before shifts: phase_increment = 749115497
[DEBUG] Final phase_increment = 11704929
[DEBUG] ComputePhaseIncrement input: midi_pitch = 7680
[DEBUG] ref_pitch after subtracting kPitchTableStart: -8704
[DEBUG] ref_pitch after octave shifts: 512, num_shifts: 6
[DEBUG] Before shifts: phase_increment = 749115497
[DEBUG] Final phase_increment = 11704929
[DEBUG] ComputePhaseIncrement input: midi_pitch = 7680
[DEBUG] ref_pitch after subtracting kPitchTableStart: -8704
[DEBUG] ref_pitch after octave shifts: 512, num_shifts: 6
[DEBUG] Before shifts: phase_increment = 749115497
[DEBUG] Final phase_increment = 11704929
[DEBUG] ComputePhaseIncrement input: midi_pitch = 7680
[DEBUG] ref_pitch after subtracting kPitchTableStart: -8704
[DEBUG] ref_pitch after octave shifts: 512, num_shifts: 6
[DEBUG] Before shifts: phase_increment = 749115497
[DEBUG] Final phase_increment = 11704929
[DEBUG] ComputePhaseIncrement input: midi_pitch = 7680
[DEBUG] ref_pitch after subtracting kPitchTableStart: -8704
[DEBUG] ref_pitch after octave shifts: 512, num_shifts: 6
[DEBUG] Before shifts: phase_increment = 749115497
[DEBUG] Final phase_increment = 11704929
[DEBUG] ComputePhaseIncrement input: midi_pitch = 7680
[DEBUG] ref_pitch after subtracting kPitchTableStart: -8704
[DEBUG] ref_pitch after octave shifts: 512, num_shifts: 6
[DEBUG] Before shifts: phase_increment = 749115497
[DEBUG] Final phase_increment = 11704929
[DEBUG] ComputePhaseIncrement input: midi_pitch = 7680
[DEBUG] ref_pitch after subtracting kPitchTableStart: -8704
[DEBUG] ref_pitch after octave shifts: 512, num_shifts: 6
[DEBUG] Before shifts: phase_increment = 749115497
[DEBUG] Final phase_increment = 11704929
[DEBUG] ComputePhaseIncrement input: midi_pitch = 7680
[DEBUG] ref_pitch after subtracting kPitchTableStart: -8704
[DEBUG] ref_pitch after octave shifts: 512, num_shifts: 6
[DEBUG] Before shifts: phase_increment = 749115497
[DEBUG] Final phase_increment = 11704929
[DEBUG] ComputePhaseIncrement input: midi_pitch = 7680
[DEBUG] ref_pitch after subtracting kPitchTableStart: -8704
[DEBUG] ref_pitch after octave shifts: 512, num_shifts: 6
[DEBUG] Before shifts: phase_increment = 749115497
[DEBUG] Final phase_increment = 11704929
[DEBUG] ComputePhaseIncrement input: midi_pitch = 7680
[DEBUG] ref_pitch after subtracting kPitchTableStart: -8704
[DEBUG] ref_pitch after octave shifts: 512, num_shifts: 6
[DEBUG] Before shifts: phase_increment = 749115497
[DEBUG] Final phase_increment = 11704929
[DEBUG] ComputePhaseIncrement input: midi_pitch = 7680
[DEBUG] ref_pitch after subtracting kPitchTableStart: -8704
[DEBUG] ref_pitch after octave shifts: 512, num_shifts: 6
[DEBUG] Before shifts: phase_increment = 749115497
[DEBUG] Final phase_increment = 11704929
[DEBUG] ComputePhaseIncrement input: midi_pitch = 7680
[DEBUG] ref_pitch after subtracting kPitchTableStart: -8704
[DEBUG] ref_pitch after octave shifts: 512, num_shifts: 6
[DEBUG] Before shifts: phase_increment = 749115497
[DEBUG] Final phase_increment = 11704929
[DEBUG] ComputePhaseIncrement input: midi_pitch = 7680
[DEBUG] ref_pitch after subtracting kPitchTableStart: -8704
[DEBUG] ref_pitch after octave shifts: 512, num_shifts: 6
[DEBUG] Before shifts: phase_increment = 749115497
[DEBUG] Final phase_increment = 11704929
[DEBUG] ComputePhaseIncrement input: midi_pitch = 7680
[DEBUG] ref_pitch after subtracting kPitchTableStart: -8704
[DEBUG] ref_pitch after octave shifts: 512, num_shifts: 6
[DEBUG] Before shifts: phase_increment = 749115497
[DEBUG] Final phase_increment = 11704929
[DEBUG] ComputePhaseIncrement input: midi_pitch = 7680
[DEBUG] ref_pitch after subtracting kPitchTableStart: -8704
[DEBUG] ref_pitch after octave shifts: 512, num_shifts: 6
[DEBUG] Before shifts: phase_increment = 749115497
[DEBUG] Final phase_increment = 11704929
[DEBUG] ComputePhaseIncrement input: midi_pitch = 7680
[DEBUG] ref_pitch after subtracting kPitchTableStart: -8704
[DEBUG] ref_pitch after octave shifts: 512, num_shifts: 6
[DEBUG] Before shifts: phase_increment = 749115497
[DEBUG] Final phase_increment = 11704929
[DEBUG] ComputePhaseIncrement input: midi_pitch = 7680
[DEBUG] ref_pitch after subtracting kPitchTableStart: -8704
[DEBUG] ref_pitch after octave shifts: 512, num_shifts: 6
[DEBUG] Before shifts: phase_increment = 749115497
[DEBUG] Final phase_increment = 11704929
[DEBUG] ComputePhaseIncrement input: midi_pitch = 7680
[DEBUG] ref_pitch after subtracting kPitchTableStart: -8704
[DEBUG] ref_pitch after octave shifts: 512, num_shifts: 6
[DEBUG] Before shifts: phase_increment = 749115497
[DEBUG] Final phase_increment = 11704929
[DEBUG] ComputePhaseIncrement input: midi_pitch = 7680
[DEBUG] ref_pitch after subtracting kPitchTableStart: -8704
[DEBUG] ref_pitch after octave shifts: 512, num_shifts: 6
[DEBUG] Before shifts: phase_increment = 749115497
[DEBUG] Final phase_increment = 11704929
[DEBUG] ComputePhaseIncrement input: midi_pitch = 7680
[DEBUG] ref_pitch after subtracting kPitchTableStart: -8704
[DEBUG] ref_pitch after octave shifts: 512, num_shifts: 6
[DEBUG] Before shifts: phase_increment = 749115497
[DEBUG] Final phase_increment = 11704929
[DEBUG] ComputePhaseIncrement input: midi_pitch = 7680
[DEBUG] ref_pitch after subtracting kPitchTableStart: -8704
[DEBUG] ref_pitch after octave shifts: 512, num_shifts: 6
[DEBUG] Before shifts: phase_increment = 749115497
[DEBUG] Final phase_increment = 11704929
[DEBUG] ComputePhaseIncrement input: midi_pitch = 7680
[DEBUG] ref_pitch after subtracting kPitchTableStart: -8704
[DEBUG] ref_pitch after octave shifts: 512, num_shifts: 6
[DEBUG] Before shifts: phase_increment = 749115497
[DEBUG] Final phase_increment = 11704929
[DEBUG] ComputePhaseIncrement input: midi_pitch = 7680
[DEBUG] ref_pitch after subtracting kPitchTableStart: -8704
[DEBUG] ref_pitch after octave shifts: 512, num_shifts: 6
[DEBUG] Before shifts: phase_increment = 749115497
[DEBUG] Final phase_increment = 11704929
[DEBUG] ComputePhaseIncrement input: midi_pitch = 7680
[DEBUG] ref_pitch after subtracting kPitchTableStart: -8704
[DEBUG] ref_pitch after octave shifts: 512, num_shifts: 6
[DEBUG] Before shifts: phase_increment = 749115497
[DEBUG] Final phase_increment = 11704929
[DEBUG] ComputePhaseIncrement input: midi_pitch = 7680
[DEBUG] ref_pitch after subtracting kPitchTableStart: -8704
[DEBUG] ref_pitch after octave shifts: 512, num_shifts: 6
[DEBUG] Before shifts: phase_increment = 749115497
[DEBUG] Final phase_increment = 11704929
[DEBUG] ComputePhaseIncrement input: midi_pitch = 7680
[DEBUG] ref_pitch after subtracting kPitchTableStart: -8704
[DEBUG] ref_pitch after octave shifts: 512, num_shifts: 6
[DEBUG] Before shifts: phase_increment = 749115497
[DEBUG] Final phase_increment = 11704929
[DEBUG] ComputePhaseIncrement input: midi_pitch = 7680
[DEBUG] ref_pitch after subtracting kPitchTableStart: -8704
[DEBUG] ref_pitch after octave shifts: 512, num_shifts: 6
[DEBUG] Before shifts: phase_increment = 749115497
[DEBUG] Final phase_increment = 11704929
[DEBUG] ComputePhaseIncrement input: midi_pitch = 7680
[DEBUG] ref_pitch after subtracting kPitchTableStart: -8704
[DEBUG] ref_pitch after octave shifts: 512, num_shifts: 6
[DEBUG] Before shifts: phase_increment = 749115497
[DEBUG] Final phase_increment = 11704929
[DEBUG] ComputePhaseIncrement input: midi_pitch = 7680
[DEBUG] ref_pitch after subtracting kPitchTableStart: -8704
[DEBUG] ref_pitch after octave shifts: 512, num_shifts: 6
[DEBUG] Before shifts: phase_increment = 749115497
[DEBUG] Final phase_increment = 11704929
[DEBUG] ComputePhaseIncrement input: midi_pitch = 7680
[DEBUG] ref_pitch after subtracting kPitchTableStart: -8704
[DEBUG] ref_pitch after octave shifts: 512, num_shifts: 6
[DEBUG] Before shifts: phase_increment = 749115497
[DEBUG] Final phase_increment = 11704929
[DEBUG] ComputePhaseIncrement input: midi_pitch = 7680
[DEBUG] ref_pitch after subtracting kPitchTableStart: -8704
[DEBUG] ref_pitch after octave shifts: 512, num_shifts: 6
[DEBUG] Before shifts: phase_increment = 749115497
[DEBUG] Final phase_increment = 11704929
[DEBUG] ComputePhaseIncrement input: midi_pitch = 7680
[DEBUG] ref_pitch after subtracting kPitchTableStart: -8704
[DEBUG] ref_pitch after octave shifts: 512, num_shifts: 6
[DEBUG] Before shifts: phase_increment = 749115497
[DEBUG] Final phase_increment = 11704929
[DEBUG] ComputePhaseIncrement input: midi_pitch = 7680
[DEBUG] ref_pitch after subtracting kPitchTableStart: -8704
[DEBUG] ref_pitch after octave shifts: 512, num_shifts: 6
[DEBUG] Before shifts: phase_increment = 749115497
[DEBUG] Final phase_increment = 11704929
[DEBUG] ComputePhaseIncrement input: midi_pitch = 7680
[DEBUG] ref_pitch after subtracting kPitchTableStart: -8704
[DEBUG] ref_pitch after octave shifts: 512, num_shifts: 6
[DEBUG] Before shifts: phase_increment = 749115497
[DEBUG] Final phase_increment = 11704929
[DEBUG] ComputePhaseIncrement input: midi_pitch = 7680
[DEBUG] ref_pitch after subtracting kPitchTableStart: -8704
[DEBUG] ref_pitch after octave shifts: 512, num_shifts: 6
[DEBUG] Before shifts: phase_increment = 749115497
[DEBUG] Final phase_increment = 11704929
[DEBUG] ComputePhaseIncrement input: midi_pitch = 7680
[DEBUG] ref_pitch after subtracting kPitchTableStart: -8704
[DEBUG] ref_pitch after octave shifts: 512, num_shifts: 6
[DEBUG] Before shifts: phase_increment = 749115497
[DEBUG] Final phase_increment = 11704929
[DEBUG] ComputePhaseIncrement input: midi_pitch = 7680
[DEBUG] ref_pitch after subtracting kPitchTableStart: -8704
[DEBUG] ref_pitch after octave shifts: 512, num_shifts: 6
[DEBUG] Before shifts: phase_increment = 749115497
[DEBUG] Final phase_increment = 11704929
[DEBUG] ComputePhaseIncrement input: midi_pitch = 7680
[DEBUG] ref_pitch after subtracting kPitchTableStart: -8704
[DEBUG] ref_pitch after octave shifts: 512, num_shifts: 6
[DEBUG] Before shifts: phase_increment = 749115497
[DEBUG] Final phase_increment = 11704929
[DEBUG] ComputePhaseIncrement input: midi_pitch = 7680
[DEBUG] ref_pitch after subtracting kPitchTableStart: -8704
[DEBUG] ref_pitch after octave shifts: 512, num_shifts: 6
[DEBUG] Before shifts: phase_increment = 749115497
[DEBUG] Final phase_increment = 11704929
[DEBUG] ComputePhaseIncrement input: midi_pitch = 7680
[DEBUG] ref_pitch after subtracting kPitchTableStart: -8704
[DEBUG] ref_pitch after octave shifts: 512, num_shifts: 6
[DEBUG] Before shifts: phase_increment = 749115497
[DEBUG] Final phase_increment = 11704929
[DEBUG] ComputePhaseIncrement input: midi_pitch = 7680
[DEBUG] ref_pitch after subtracting kPitchTableStart: -8704
[DEBUG] ref_pitch after octave shifts: 512, num_shifts: 6
[DEBUG] Before shifts: phase_increment = 749115497
[DEBUG] Final phase_increment = 11704929
[DEBUG] ComputePhaseIncrement input: midi_pitch = 7680
[DEBUG] ref_pitch after subtracting kPitchTableStart: -8704
[DEBUG] ref_pitch after octave shifts: 512, num_shifts: 6
[DEBUG] Before shifts: phase_increment = 749115497
[DEBUG] Final phase_increment = 11704929
[DEBUG] ComputePhaseIncrement input: midi_pitch = 7680
[DEBUG] ref_pitch after subtracting kPitchTableStart: -8704
[DEBUG] ref_pitch after octave shifts: 512, num_shifts: 6
[DEBUG] Before shifts: phase_increment = 749115497
[DEBUG] Final phase_increment = 11704929
[DEBUG] ComputePhaseIncrement input: midi_pitch = 7680
[DEBUG] ref_pitch after subtracting kPitchTableStart: -8704
[DEBUG] ref_pitch after octave shifts: 512, num_shifts: 6
[DEBUG] Before shifts: phase_increment = 749115497
[DEBUG] Final phase_increment = 11704929
[DEBUG] ComputePhaseIncrement input: midi_pitch = 7680
[DEBUG] ref_pitch after subtracting kPitchTableStart: -8704
[DEBUG] ref_pitch after octave shifts: 512, num_shifts: 6
[DEBUG] Before shifts: phase_increment = 749115497
[DEBUG] Final phase_increment = 11704929
[DEBUG] ComputePhaseIncrement input: midi_pitch = 7680
[DEBUG] ref_pitch after subtracting kPitchTableStart: -8704
[DEBUG] ref_pitch after octave shifts: 512, num_shifts: 6
[DEBUG] Before shifts: phase_increment = 749115497
[DEBUG] Final phase_increment = 11704929
[DEBUG] ComputePhaseIncrement input: midi_pitch = 7680
[DEBUG] ref_pitch after subtracting kPitchTableStart: -8704
[DEBUG] ref_pitch after octave shifts: 512, num_shifts: 6
[DEBUG] Before shifts: phase_increment = 749115497
[DEBUG] Final phase_increment = 11704929
[DEBUG] ComputePhaseIncrement input: midi_pitch = 7680
[DEBUG] ref_pitch after subtracting kPitchTableStart: -8704
[DEBUG] ref_pitch after octave shifts: 512, num_shifts: 6
[DEBUG] Before shifts: phase_increment = 749115497
[DEBUG] Final phase_increment = 11704929
[DEBUG] ComputePhaseIncrement input: midi_pitch = 7680
[DEBUG] ref_pitch after subtracting kPitchTableStart: -8704
[DEBUG] ref_pitch after octave shifts: 512, num_shifts: 6
[DEBUG] Before shifts: phase_increment = 749115497
[DEBUG] Final phase_increment = 11704929
[DEBUG] ComputePhaseIncrement input: midi_pitch = 7680
[DEBUG] ref_pitch after subtracting kPitchTableStart: -8704
[DEBUG] ref_pitch after octave shifts: 512, num_shifts: 6
[DEBUG] Before shifts: phase_increment = 749115497
[DEBUG] Final phase_increment = 11704929
[DEBUG] ComputePhaseIncrement input: midi_pitch = 7680
[DEBUG] ref_pitch after subtracting kPitchTableStart: -8704
[DEBUG] ref_pitch after octave shifts: 512, num_shifts: 6
[DEBUG] Before shifts: phase_increment = 749115497
[DEBUG] Final phase_increment = 11704929
[DEBUG] ComputePhaseIncrement input: midi_pitch = 7680
[DEBUG] ref_pitch after subtracting kPitchTableStart: -8704
[DEBUG] ref_pitch after octave shifts: 512, num_shifts: 6
[DEBUG] Before shifts: phase_increment = 749115497
[DEBUG] Final phase_increment = 11704929
[DEBUG] ComputePhaseIncrement input: midi_pitch = 7680
[DEBUG] ref_pitch after subtracting kPitchTableStart: -8704
[DEBUG] ref_pitch after octave shifts: 512, num_shifts: 6
[DEBUG] Before shifts: phase_increment = 749115497
[DEBUG] Final phase_increment = 11704929
[DEBUG] ComputePhaseIncrement input: midi_pitch = 7680
[DEBUG] ref_pitch after subtracting kPitchTableStart: -8704
[DEBUG] ref_pitch after octave shifts: 512, num_shifts: 6
[DEBUG] Before shifts: phase_increment = 749115497
[DEBUG] Final phase_increment = 11704929
[DEBUG] ComputePhaseIncrement input: midi_pitch = 7680
[DEBUG] ref_pitch after subtracting kPitchTableStart: -8704
[DEBUG] ref_pitch after octave shifts: 512, num_shifts: 6
[DEBUG] Before shifts: phase_increment = 749115497
[DEBUG] Final phase_increment = 11704929
[DEBUG] ComputePhaseIncrement input: midi_pitch = 7680
[DEBUG] ref_pitch after subtracting kPitchTableStart: -8704
[DEBUG] ref_pitch after octave shifts: 512, num_shifts: 6
[DEBUG] Before shifts: phase_increment = 749115497
[DEBUG] Final phase_increment = 11704929
[DEBUG] ComputePhaseIncrement input: midi_pitch = 7680
[DEBUG] ref_pitch after subtracting kPitchTableStart: -8704
[DEBUG] ref_pitch after octave shifts: 512, num_shifts: 6
[DEBUG] Before shifts: phase_increment = 749115497
[DEBUG] Final phase_increment = 11704929
[DEBUG] ComputePhaseIncrement input: midi_pitch = 7680
[DEBUG] ref_pitch after subtracting kPitchTableStart: -8704
[DEBUG] ref_pitch after octave shifts: 512, num_shifts: 6
[DEBUG] Before shifts: phase_increment = 749115497
[DEBUG] Final phase_increment = 11704929
[DEBUG] ComputePhaseIncrement input: midi_pitch = 7680
[DEBUG] ref_pitch after subtracting kPitchTableStart: -8704
[DEBUG] ref_pitch after octave shifts: 512, num_shifts: 6
[DEBUG] Before shifts: phase_increment = 749115497
[DEBUG] Final phase_increment = 11704929
[DEBUG] ComputePhaseIncrement input: midi_pitch = 7680
[DEBUG] ref_pitch after subtracting kPitchTableStart: -8704
[DEBUG] ref_pitch after octave shifts: 512, num_shifts: 6
[DEBUG] Before shifts: phase_increment = 749115497
[DEBUG] Final phase_increment = 11704929
[DEBUG] ComputePhaseIncrement input: midi_pitch = 7680
[DEBUG] ref_pitch after subtracting kPitchTableStart: -8704
[DEBUG] ref_pitch after octave shifts: 512, num_shifts: 6
[DEBUG] Before shifts: phase_increment = 749115497
[DEBUG] Final phase_increment = 11704929
[DEBUG] ComputePhaseIncrement input: midi_pitch = 7680
[DEBUG] ref_pitch after subtracting kPitchTableStart: -8704
[DEBUG] ref_pitch after octave shifts: 512, num_shifts: 6
[DEBUG] Before shifts: phase_increment = 749115497
[DEBUG] Final phase_increment = 11704929
[DEBUG] ComputePhaseIncrement input: midi_pitch = 7680
[DEBUG] ref_pitch after subtracting kPitchTableStart: -8704
[DEBUG] ref_pitch after octave shifts: 512, num_shifts: 6
[DEBUG] Before shifts: phase_increment = 749115497
[DEBUG] Final phase_increment = 11704929
[DEBUG] ComputePhaseIncrement input: midi_pitch = 7680
[DEBUG] ref_pitch after subtracting kPitchTableStart: -8704
[DEBUG] ref_pitch after octave shifts: 512, num_shifts: 6
[DEBUG] Before shifts: phase_increment = 749115497
[DEBUG] Final phase_increment = 11704929
[DEBUG] ComputePhaseIncrement input: midi_pitch = 7680
[DEBUG] ref_pitch after subtracting kPitchTableStart: -8704
[DEBUG] ref_pitch after octave shifts: 512, num_shifts: 6
[DEBUG] Before shifts: phase_increment = 749115497
[DEBUG] Final phase_increment = 11704929
[DEBUG] ComputePhaseIncrement input: midi_pitch = 7680
[DEBUG] ref_pitch after subtracting kPitchTableStart: -8704
[DEBUG] ref_pitch after octave shifts: 512, num_shifts: 6
[DEBUG] Before shifts: phase_increment = 749115497
[DEBUG] Final phase_increment = 11704929
[DEBUG] ComputePhaseIncrement input: midi_pitch = 7680
[DEBUG] ref_pitch after subtracting kPitchTableStart: -8704
[DEBUG] ref_pitch after octave shifts: 512, num_shifts: 6
[DEBUG] Before shifts: phase_increment = 749115497
[DEBUG] Final phase_increment = 11704929
[DEBUG] ComputePhaseIncrement input: midi_pitch = 7680
[DEBUG] ref_pitch after subtracting kPitchTableStart: -8704
[DEBUG] ref_pitch after octave shifts: 512, num_shifts: 6
[DEBUG] Before shifts: phase_increment = 749115497
[DEBUG] Final phase_increment = 11704929
[DEBUG] ComputePhaseIncrement input: midi_pitch = 7680
[DEBUG] ref_pitch after subtracting kPitchTableStart: -8704
[DEBUG] ref_pitch after octave shifts: 512, num_shifts: 6
[DEBUG] Before shifts: phase_increment = 749115497
[DEBUG] Final phase_increment = 11704929
[DEBUG] ComputePhaseIncrement input: midi_pitch = 7680
[DEBUG] ref_pitch after subtracting kPitchTableStart: -8704
[DEBUG] ref_pitch after octave shifts: 512, num_shifts: 6
[DEBUG] Before shifts: phase_increment = 749115497
[DEBUG] Final phase_increment = 11704929
[DEBUG] ComputePhaseIncrement input: midi_pitch = 7680
[DEBUG] ref_pitch after subtracting kPitchTableStart: -8704
[DEBUG] ref_pitch after octave shifts: 512, num_shifts: 6
[DEBUG] Before shifts: phase_increment = 749115497
[DEBUG] Final phase_increment = 11704929
[DEBUG] ComputePhaseIncrement input: midi_pitch = 7680
[DEBUG] ref_pitch after subtracting kPitchTableStart: -8704
[DEBUG] ref_pitch after octave shifts: 512, num_shifts: 6
[DEBUG] Before shifts: phase_increment = 749115497
[DEBUG] Final phase_increment = 11704929
[DEBUG] ComputePhaseIncrement input: midi_pitch = 7680
[DEBUG] ref_pitch after subtracting kPitchTableStart: -8704
[DEBUG] ref_pitch after octave shifts: 512, num_shifts: 6
[DEBUG] Before shifts: phase_increment = 749115497
[DEBUG] Final phase_increment = 11704929
[DEBUG] ComputePhaseIncrement input: midi_pitch = 7680
[DEBUG] ref_pitch after subtracting kPitchTableStart: -8704
[DEBUG] ref_pitch after octave shifts: 512, num_shifts: 6
[DEBUG] Before shifts: phase_increment = 749115497
[DEBUG] Final phase_increment = 11704929
[DEBUG] ComputePhaseIncrement input: midi_pitch = 7680
[DEBUG] ref_pitch after subtracting kPitchTableStart: -8704
[DEBUG] ref_pitch after octave shifts: 512, num_shifts: 6
[DEBUG] Before shifts: phase_increment = 749115497
[DEBUG] Final phase_increment = 11704929
[DEBUG] ComputePhaseIncrement input: midi_pitch = 7680
[DEBUG] ref_pitch after subtracting kPitchTableStart: -8704
[DEBUG] ref_pitch after octave shifts: 512, num_shifts: 6
[DEBUG] Before shifts: phase_increment = 749115497
[DEBUG] Final phase_increment = 11704929
[DEBUG] ComputePhaseIncrement input: midi_pitch = 7680
[DEBUG] ref_pitch after subtracting kPitchTableStart: -8704
[DEBUG] ref_pitch after octave shifts: 512, num_shifts: 6
[DEBUG] Before shifts: phase_increment = 749115497
[DEBUG] Final phase_increment = 11704929
[DEBUG] ComputePhaseIncrement input: midi_pitch = 7680
[DEBUG] ref_pitch after subtracting kPitchTableStart: -8704
[DEBUG] ref_pitch after octave shifts: 512, num_shifts: 6
[DEBUG] Before shifts: phase_increment = 749115497
[DEBUG] Final phase_increment = 11704929
[DEBUG] ComputePhaseIncrement input: midi_pitch = 7680
[DEBUG] ref_pitch after subtracting kPitchTableStart: -8704
[DEBUG] ref_pitch after octave shifts: 512, num_shifts: 6
[DEBUG] Before shifts: phase_increment = 749115497
[DEBUG] Final phase_increment = 11704929
[DEBUG] ComputePhaseIncrement input: midi_pitch = 7680
[DEBUG] ref_pitch after subtracting kPitchTableStart: -8704
[DEBUG] ref_pitch after octave shifts: 512, num_shifts: 6
[DEBUG] Before shifts: phase_increment = 749115497
[DEBUG] Final phase_increment = 11704929
[DEBUG] ComputePhaseIncrement input: midi_pitch = 7680
[DEBUG] ref_pitch after subtracting kPitchTableStart: -8704
[DEBUG] ref_pitch after octave shifts: 512, num_shifts: 6
[DEBUG] Before shifts: phase_increment = 749115497
[DEBUG] Final phase_increment = 11704929
[DEBUG] ComputePhaseIncrement input: midi_pitch = 7680
[DEBUG] ref_pitch after subtracting kPitchTableStart: -8704
[DEBUG] ref_pitch after octave shifts: 512, num_shifts: 6
[DEBUG] Before shifts: phase_increment = 749115497
[DEBUG] Final phase_increment = 11704929
[DEBUG] ComputePhaseIncrement input: midi_pitch = 7680
[DEBUG] ref_pitch after subtracting kPitchTableStart: -8704
[DEBUG] ref_pitch after octave shifts: 512, num_shifts: 6
[DEBUG] Before shifts: phase_increment = 749115497
[DEBUG] Final phase_increment = 11704929
[DEBUG] ComputePhaseIncrement input: midi_pitch = 7680
[DEBUG] ref_pitch after subtracting kPitchTableStart: -8704
[DEBUG] ref_pitch after octave shifts: 512, num_shifts: 6
[DEBUG] Before shifts: phase_increment = 749115497
[DEBUG] Final phase_increment = 11704929
[DEBUG] ComputePhaseIncrement input: midi_pitch = 7680
[DEBUG] ref_pitch after subtracting kPitchTableStart: -8704
[DEBUG] ref_pitch after octave shifts: 512, num_shifts: 6
[DEBUG] Before shifts: phase_increment = 749115497
[DEBUG] Final phase_increment = 11704929
[DEBUG] ComputePhaseIncrement input: midi_pitch = 7680
[DEBUG] ref_pitch after subtracting kPitchTableStart: -8704
[DEBUG] ref_pitch after octave shifts: 512, num_shifts: 6
[DEBUG] Before shifts: phase_increment = 749115497
[DEBUG] Final phase_increment = 11704929
[DEBUG] ComputePhaseIncrement input: midi_pitch = 7680
[DEBUG] ref_pitch after subtracting kPitchTableStart: -8704
[DEBUG] ref_pitch after octave shifts: 512, num_shifts: 6
[DEBUG] Before shifts: phase_increment = 749115497
[DEBUG] Final phase_increment = 11704929
[DEBUG] ComputePhaseIncrement input: midi_pitch = 7680
[DEBUG] ref_pitch after subtracting kPitchTableStart: -8704
[DEBUG] ref_pitch after octave shifts: 512, num_shifts: 6
[DEBUG] Before shifts: phase_increment = 749115497
[DEBUG] Final phase_increment = 11704929
[DEBUG] ComputePhaseIncrement input: midi_pitch = 7680
[DEBUG] ref_pitch after subtracting kPitchTableStart: -8704
[DEBUG] ref_pitch after octave shifts: 512, num_shifts: 6
[DEBUG] Before shifts: phase_increment = 749115497
[DEBUG] Final phase_increment = 11704929
[DEBUG] ComputePhaseIncrement input: midi_pitch = 7680
[DEBUG] ref_pitch after subtracting kPitchTableStart: -8704
[DEBUG] ref_pitch after octave shifts: 512, num_shifts: 6
[DEBUG] Before shifts: phase_increment = 749115497
[DEBUG] Final phase_increment = 11704929
[DEBUG] ComputePhaseIncrement input: midi_pitch = 7680
[DEBUG] ref_pitch after subtracting kPitchTableStart: -8704
[DEBUG] ref_pitch after octave shifts: 512, num_shifts: 6
[DEBUG] Before shifts: phase_increment = 749115497
[DEBUG] Final phase_increment = 11704929
[DEBUG] ComputePhaseIncrement input: midi_pitch = 7680
[DEBUG] ref_pitch after subtracting kPitchTableStart: -8704
[DEBUG] ref_pitch after octave shifts: 512, num_shifts: 6
[DEBUG] Before shifts: phase_increment = 749115497
[DEBUG] Final phase_increment = 11704929
[DEBUG] ComputePhaseIncrement input: midi_pitch = 7680
[DEBUG] ref_pitch after subtracting kPitchTableStart: -8704
[DEBUG] ref_pitch after octave shifts: 512, num_shifts: 6
[DEBUG] Before shifts: phase_increment = 749115497
[DEBUG] Final phase_increment = 11704929
[DEBUG] ComputePhaseIncrement input: midi_pitch = 7680
[DEBUG] ref_pitch after subtracting kPitchTableStart: -8704
[DEBUG] ref_pitch after octave shifts: 512, num_shifts: 6
[DEBUG] Before shifts: phase_increment = 749115497
[DEBUG] Final phase_increment = 11704929
[DEBUG] ComputePhaseIncrement input: midi_pitch = 7680
[DEBUG] ref_pitch after subtracting kPitchTableStart: -8704
[DEBUG] ref_pitch after octave shifts: 512, num_shifts: 6
[DEBUG] Before shifts: phase_increment = 749115497
[DEBUG] Final phase_increment = 11704929
[DEBUG] ComputePhaseIncrement input: midi_pitch = 7680
[DEBUG] ref_pitch after subtracting kPitchTableStart: -8704
[DEBUG] ref_pitch after octave shifts: 512, num_shifts: 6
[DEBUG] Before shifts: phase_increment = 749115497
[DEBUG] Final phase_increment = 11704929
[DEBUG] ComputePhaseIncrement input: midi_pitch = 7680
[DEBUG] ref_pitch after subtracting kPitchTableStart: -8704
[DEBUG] ref_pitch after octave shifts: 512, num_shifts: 6
[DEBUG] Before shifts: phase_increment = 749115497
[DEBUG] Final phase_increment = 11704929
[DEBUG] ComputePhaseIncrement input: midi_pitch = 7680
[DEBUG] ref_pitch after subtracting kPitchTableStart: -8704
[DEBUG] ref_pitch after octave shifts: 512, num_shifts: 6
[DEBUG] Before shifts: phase_increment = 749115497
[DEBUG] Final phase_increment = 11704929
[DEBUG] ComputePhaseIncrement input: midi_pitch = 7680
[DEBUG] ref_pitch after subtracting kPitchTableStart: -8704
[DEBUG] ref_pitch after octave shifts: 512, num_shifts: 6
[DEBUG] Before shifts: phase_increment = 749115497
[DEBUG] Final phase_increment = 11704929
[DEBUG] ComputePhaseIncrement input: midi_pitch = 7680
[DEBUG] ref_pitch after subtracting kPitchTableStart: -8704
[DEBUG] ref_pitch after octave shifts: 512, num_shifts: 6
[DEBUG] Before shifts: phase_increment = 749115497
[DEBUG] Final phase_increment = 11704929
[DEBUG] ComputePhaseIncrement input: midi_pitch = 7680
[DEBUG] ref_pitch after subtracting kPitchTableStart: -8704
[DEBUG] ref_pitch after octave shifts: 512, num_shifts: 6
[DEBUG] Before shifts: phase_increment = 749115497
[DEBUG] Final phase_increment = 11704929
[DEBUG] ComputePhaseIncrement input: midi_pitch = 7680
[DEBUG] ref_pitch after subtracting kPitchTableStart: -8704
[DEBUG] ref_pitch after octave shifts: 512, num_shifts: 6
[DEBUG] Before shifts: phase_increment = 749115497
[DEBUG] Final phase_increment = 11704929
[DEBUG] ComputePhaseIncrement input: midi_pitch = 7680
[DEBUG] ref_pitch after subtracting kPitchTableStart: -8704
[DEBUG] ref_pitch after octave shifts: 512, num_shifts: 6
[DEBUG] Before shifts: phase_increment = 749115497
[DEBUG] Final phase_increment = 11704929
[DEBUG] ComputePhaseIncrement input: midi_pitch = 7680
[DEBUG] ref_pitch after subtracting kPitchTableStart: -8704
[DEBUG] ref_pitch after octave shifts: 512, num_shifts: 6
[DEBUG] Before shifts: phase_increment = 749115497
[DEBUG] Final phase_increment = 11704929
[DEBUG] ComputePhaseIncrement input: midi_pitch = 7680
[DEBUG] ref_pitch after subtracting kPitchTableStart: -8704
[DEBUG] ref_pitch after octave shifts: 512, num_shifts: 6
[DEBUG] Before shifts: phase_increment = 749115497
[DEBUG] Final phase_increment = 11704929
[DEBUG] ComputePhaseIncrement input: midi_pitch = 7680
[DEBUG] ref_pitch after subtracting kPitchTableStart: -8704
[DEBUG] ref_pitch after octave shifts: 512, num_shifts: 6
[DEBUG] Before shifts: phase_increment = 749115497
[DEBUG] Final phase_increment = 11704929
[DEBUG] ComputePhaseIncrement input: midi_pitch = 7680
[DEBUG] ref_pitch after subtracting kPitchTableStart: -8704
[DEBUG] ref_pitch after octave shifts: 512, num_shifts: 6
[DEBUG] Before shifts: phase_increment = 749115497
[DEBUG] Final phase_increment = 11704929
[DEBUG] ComputePhaseIncrement input: midi_pitch = 7680
[DEBUG] ref_pitch after subtracting kPitchTableStart: -8704
[DEBUG] ref_pitch after octave shifts: 512, num_shifts: 6
[DEBUG] Before shifts: phase_increment = 749115497
[DEBUG] Final phase_increment = 11704929
[DEBUG] ComputePhaseIncrement input: midi_pitch = 7680
[DEBUG] ref_pitch after subtracting kPitchTableStart: -8704
[DEBUG] ref_pitch after octave shifts: 512, num_shifts: 6
[DEBUG] Before shifts: phase_increment = 749115497
[DEBUG] Final phase_increment = 11704929
[DEBUG] ComputePhaseIncrement input: midi_pitch = 7680
[DEBUG] ref_pitch after subtracting kPitchTableStart: -8704
[DEBUG] ref_pitch after octave shifts: 512, num_shifts: 6
[DEBUG] Before shifts: phase_increment = 749115497
[DEBUG] Final phase_increment = 11704929
[DEBUG] ComputePhaseIncrement input: midi_pitch = 7680
[DEBUG] ref_pitch after subtracting kPitchTableStart: -8704
[DEBUG] ref_pitch after octave shifts: 512, num_shifts: 6
[DEBUG] Before shifts: phase_increment = 749115497
[DEBUG] Final phase_increment = 11704929
[DEBUG] ComputePhaseIncrement input: midi_pitch = 7680
[DEBUG] ref_pitch after subtracting kPitchTableStart: -8704
[DEBUG] ref_pitch after octave shifts: 512, num_shifts: 6
[DEBUG] Before shifts: phase_increment = 749115497
[DEBUG] Final phase_increment = 11704929
[DEBUG] ComputePhaseIncrement input: midi_pitch = 7680
[DEBUG] ref_pitch after subtracting kPitchTableStart: -8704
[DEBUG] ref_pitch after octave shifts: 512, num_shifts: 6
[DEBUG] Before shifts: phase_increment = 749115497
[DEBUG] Final phase_increment = 11704929
[DEBUG] ComputePhaseIncrement input: midi_pitch = 7680
[DEBUG] ref_pitch after subtracting kPitchTableStart: -8704
[DEBUG] ref_pitch after octave shifts: 512, num_shifts: 6
[DEBUG] Before shifts: phase_increment = 749115497
[DEBUG] Final phase_increment = 11704929
[DEBUG] ComputePhaseIncrement input: midi_pitch = 7680
[DEBUG] ref_pitch after subtracting kPitchTableStart: -8704
[DEBUG] ref_pitch after octave shifts: 512, num_shifts: 6
[DEBUG] Before shifts: phase_increment = 749115497
[DEBUG] Final phase_increment = 11704929
[DEBUG] ComputePhaseIncrement input: midi_pitch = 7680
[DEBUG] ref_pitch after subtracting kPitchTableStart: -8704
[DEBUG] ref_pitch after octave shifts: 512, num_shifts: 6
[DEBUG] Before shifts: phase_increment = 749115497
[DEBUG] Final phase_increment = 11704929
[DEBUG] ComputePhaseIncrement input: midi_pitch = 7680
[DEBUG] ref_pitch after subtracting kPitchTableStart: -8704
[DEBUG] ref_pitch after octave shifts: 512, num_shifts: 6
[DEBUG] Before shifts: phase_increment = 749115497
[DEBUG] Final phase_increment = 11704929
[DEBUG] ComputePhaseIncrement input: midi_pitch = 7680
[DEBUG] ref_pitch after subtracting kPitchTableStart: -8704
[DEBUG] ref_pitch after octave shifts: 512, num_shifts: 6
[DEBUG] Before shifts: phase_increment = 749115497
[DEBUG] Final phase_increment = 11704929
[DEBUG] ComputePhaseIncrement input: midi_pitch = 7680
[DEBUG] ref_pitch after subtracting kPitchTableStart: -8704
[DEBUG] ref_pitch after octave shifts: 512, num_shifts: 6
[DEBUG] Before shifts: phase_increment = 749115497
[DEBUG] Final phase_increment = 11704929
[DEBUG] ComputePhaseIncrement input: midi_pitch = 7680
[DEBUG] ref_pitch after subtracting kPitchTableStart: -8704
[DEBUG] ref_pitch after octave shifts: 512, num_shifts: 6
[DEBUG] Before shifts: phase_increment = 749115497
[DEBUG] Final phase_increment = 11704929
[DEBUG] ComputePhaseIncrement input: midi_pitch = 7680
[DEBUG] ref_pitch after subtracting kPitchTableStart: -8704
[DEBUG] ref_pitch after octave shifts: 512, num_shifts: 6
[DEBUG] Before shifts: phase_increment = 749115497
[=== AUDIO PROCESSOR PROCESS BLOCK ===
Buffer channels: 2
Buffer samples: 512
Sample rate: 48000
MIDI messages: 0
=== VOICE MANAGER: Active voices: 0 ===

**********************************************************
=== Braidy Debug Log ===
Log started: 8 Sep 2025 6:00:06pm

[STARTUP] Debug logging enabled to: /Users/danielraffel/Library/Logs/braidy/debug_2025-09-08_18-00-06.log
[STARTUP] Plugin version: 1.0.189
[STARTUP] Build type: DEBUG
[STARTUP] Initial display mode: Algorithm
[STARTUP] Initial algorithm: CSAW (0)
=== Component Layout Debug ===
Editor size: 320x480
JUCE Assertion failure in juce_Component.cpp:2752
[STARTUP] Editor size: 320x480
[STARTUP] Keyboard focus enabled
[STARTUP] Initial algorithm: [0] CSAW
Created OLED Display
[ENCODER] BraidsEncoder constructed
Created Edit Encoder
Created Fine Knob
Created Coarse Knob
Created FM Knob
Created Timbre Knob
Created Color Knob
Created Modulation Knob
Created CV Jack: TRIG
Created CV Jack: V/OCT
Created CV Jack: FM
Created CV Jack: TIMBRE
Created CV Jack: COLOR
Created CV Jack: OUT
Created MOD Button
=== All Components Created ===
[DISPLAY] Showing Algorithm [0]: CSAW
=== Component Layout Debug ===
Editor size: 320x480
OLED Display: 75 38 100 30
Edit Encoder: 195 33 50 50
Fine Knob: 32 108 42 42
Coarse Knob: 139 108 42 42
FM Knob: 245 108 42 42
Timbre Knob: 32 180 42 42
Timbre Mod Knob: 139 180 42 42
Color Knob: 245 180 42 42
[MIDI KEYBOARD] Initialized keyboard mapping with 25 keys
JUCE Assertion failure in juce_Component.cpp:2752
[FOCUS] Editor grabbed keyboard focus after component setup
[FOCUS] WARNING: Editor does not have keyboard focus
[STARTUP] Constructor complete with MIDI keyboard support
=== VOICE MANAGER: Active voices: 0 ===
=== VOICE MANAGER: Active voices: 0 ===
=== AUDIO PROCESSOR PROCESS BLOCK ===
Buffer channels: 2
Buffer samples: 512
Sample rate: 48000
MIDI messages: 0
=== VOICE MANAGER: Active voices: 0 ===
=== VOICE MANAGER: Active voices: 0 ===
=== AUDIO PROCESSOR PROCESS BLOCK ===
Buffer channels: 2
Buffer samples: 512
Sample rate: 48000
MIDI messages: 0
=== VOICE MANAGER: Active voices: 0 ===
=== VOICE MANAGER: Active voices: 0 ===
=== AUDIO PROCESSOR PROCESS BLOCK ===
Buffer channels: 2
Buffer samples: 512
Sample rate: 48000
MIDI messages: 0
=== VOICE MANAGER: Active voices: 0 ===
=== VOICE MANAGER: Active voices: 0 ===
=== AUDIO PROCESSOR PROCESS BLOCK ===
Buffer channels: 2
Buffer samples: 512
Sample rate: 48000
MIDI messages: 0
=== VOICE MANAGER: Active voices: 0 ===
=== VOICE MANAGER: Active voices: 0 ===
=== AUDIO PROCESSOR PROCESS BLOCK ===
Buffer channels: 2
Buffer samples: 512
Sample rate: 48000
MIDI messages: 0
=== VOICE MANAGER: Active voices: 0 ===
=== VOICE MANAGER: Active voices: 0 ===
=== VOICE MANAGER: Active voices: 0 ===
=== AUDIO PROCESSOR PROCESS BLOCK ===
Buffer channels: 2
Buffer samples: 512
Sample rate: 48000
MIDI messages: 0
=== VOICE MANAGER: Active voices: 0 ===
=== VOICE MANAGER: Active voices: 0 ===
=== AUDIO PROCESSOR PROCESS BLOCK ===
Buffer channels: 2
Buffer samples: 512
Sample rate: 48000
MIDI messages: 0
=== VOICE MANAGER: Active voices: 0 ===
=== VOICE MANAGER: Active voices: 0 ===
=== AUDIO PROCESSOR PROCESS BLOCK ===
Buffer channels: 2
Buffer samples: 512
Sample rate: 48000
MIDI messages: 0
=== VOICE MANAGER: Active voices: 0 ===
=== VOICE MANAGER: Active voices: 0 ===
=== AUDIO PROCESSOR PROCESS BLOCK ===
Buffer channels: 2
Buffer samples: 512
Sample rate: 48000
MIDI messages: 0
=== VOICE MANAGER: Active voices: 0 ===
=== VOICE MANAGER: Active voices: 0 ===
=== AUDIO PROCESSOR PROCESS BLOCK ===
Buffer channels: 2
Buffer samples: 512
Sample rate: 48000
MIDI messages: 0
=== VOICE MANAGER: Active voices: 0 ===
=== VOICE MANAGER: Active voices: 0 ===
=== VOICE MANAGER: Active voices: 0 ===
=== AUDIO PROCESSOR PROCESS BLOCK ===
Buffer channels: 2
Buffer samples: 512
Sample rate: 48000
MIDI messages: 0
=== VOICE MANAGER: Active voices: 0 ===
=== VOICE MANAGER: Active voices: 0 ===
=== AUDIO PROCESSOR PROCESS BLOCK ===
Buffer channels: 2
Buffer samples: 512
Sample rate: 48000
MIDI messages: 0
=== VOICE MANAGER: Active voices: 0 ===
=== VOICE MANAGER: Active voices: 0 ===
=== AUDIO PROCESSOR PROCESS BLOCK ===
Buffer channels: 2
Buffer samples: 512
Sample rate: 48000
MIDI messages: 0
=== VOICE MANAGER: Active voices: 0 ===
=== VOICE MANAGER: Active voices: 0 ===
=== AUDIO PROCESSOR PROCESS BLOCK ===
Buffer channels: 2
Buffer samples: 512
Sample rate: 48000
MIDI messages: 0
=== VOICE MANAGER: Active voices: 0 ===
=== VOICE MANAGER: Active voices: 0 ===
=== AUDIO PROCESSOR PROCESS BLOCK ===
Buffer channels: 2
Buffer samples: 512
Sample rate: 48000
MIDI messages: 0
=== VOICE MANAGER: Active voices: 0 ===
=== VOICE MANAGER: Active voices: 0 ===
=== VOICE MANAGER: Active voices: 0 ===
=== AUDIO PROCESSOR PROCESS BLOCK ===
Buffer channels: 2
Buffer samples: 512
Sample rate: 48000
MIDI messages: 0
=== VOICE MANAGER: Active voices: 0 ===
=== VOICE MANAGER: Active voices: 0 ===
=== AUDIO PROCESSOR PROCESS BLOCK ===
Buffer channels: 2
Buffer samples: 512
Sample rate: 48000
MIDI messages: 0
=== VOICE MANAGER: Active voices: 0 ===
=== VOICE MANAGER: Active voices: 0 ===
=== AUDIO PROCESSOR PROCESS BLOCK ===
Buffer channels: 2
Buffer samples: 512
Sample rate: 48000
MIDI messages: 0
=== VOICE MANAGER: Active voices: 0 ===
=== VOICE MANAGER: Active voices: 0 ===
=== AUDIO PROCESSOR PROCESS BLOCK ===
Buffer channels: 2
Buffer samples: 512
Sample rate: 48000
MIDI messages: 0
=== VOICE MANAGER: Active voices: 0 ===
=== VOICE MANAGER: Active voices: 0 ===
=== AUDIO PROCESSOR PROCESS BLOCK ===
Buffer channels: 2
Buffer samples: 512
Sample rate: 48000
MIDI messages: 0
=== VOICE MANAGER: Active voices: 0 ===
=== VOICE MANAGER: Active voices: 0 ===
=== VOICE MANAGER: Active voices: 0 ===
=== AUDIO PROCESSOR PROCESS BLOCK ===
Buffer channels: 2
Buffer samples: 512
Sample rate: 48000
MIDI messages: 0
=== VOICE MANAGER: Active voices: 0 ===
=== VOICE MANAGER: Active voices: 0 ===
=== AUDIO PROCESSOR PROCESS BLOCK ===
Buffer channels: 2
Buffer samples: 512
Sample rate: 48000
MIDI messages: 0
=== VOICE MANAGER: Active voices: 0 ===
=== VOICE MANAGER: Active voices: 0 ===
=== AUDIO PROCESSOR PROCESS BLOCK ===
Buffer channels: 2
Buffer samples: 512
Sample rate: 48000
MIDI messages: 0
=== VOICE MANAGER: Active voices: 0 ===
=== VOICE MANAGER: Active voices: 0 ===
=== AUDIO PROCESSOR PROCESS BLOCK ===
Buffer channels: 2
Buffer samples: 512
Sample rate: 48000
MIDI messages: 0
=== VOICE MANAGER: Active voices: 0 ===
=== VOICE MANAGER: Active voices: 0 ===
=== AUDIO PROCESSOR PROCESS BLOCK ===
Buffer channels: 2
Buffer samples: 512
Sample rate: 48000
MIDI messages: 0
=== VOICE MANAGER: Active voices: 0 ===
=== VOICE MANAGER: Active voices: 0 ===
=== VOICE MANAGER: Active voices: 0 ===
=== AUDIO PROCESSOR PROCESS BLOCK ===
Buffer channels: 2
Buffer samples: 512
Sample rate: 48000
MIDI messages: 0
=== VOICE MANAGER: Active voices: 0 ===
=== VOICE MANAGER: Active voices: 0 ===
=== AUDIO PROCESSOR PROCESS BLOCK ===
Buffer channels: 2
Buffer samples: 512
Sample rate: 48000
MIDI messages: 0
=== VOICE MANAGER: Active voices: 0 ===
=== VOICE MANAGER: Active voices: 0 ===
=== AUDIO PROCESSOR PROCESS BLOCK ===
Buffer channels: 2
Buffer samples: 512
Sample rate: 48000
MIDI messages: 0
=== VOICE MANAGER: Active voices: 0 ===
=== VOICE MANAGER: Active voices: 0 ===
=== AUDIO PROCESSOR PROCESS BLOCK ===
Buffer channels: 2
Buffer samples: 512
Sample rate: 48000
MIDI messages: 0
=== VOICE MANAGER: Active voices: 0 ===
=== VOICE MANAGER: Active voices: 0 ===
=== AUDIO PROCESSOR PROCESS BLOCK ===
Buffer channels: 2
Buffer samples: 512
Sample rate: 48000
MIDI messages: 0
=== VOICE MANAGER: Active voices: 0 ===
=== VOICE MANAGER: Active voices: 0 ===
=== VOICE MANAGER: Active voices: 0 ===
=== AUDIO PROCESSOR PROCESS BLOCK ===
Buffer channels: 2
Buffer samples: 512
Sample rate: 48000
MIDI messages: 0
=== VOICE MANAGER: Active voices: 0 ===
=== VOICE MANAGER: Active voices: 0 ===
=== AUDIO PROCESSOR PROCESS BLOCK ===
Buffer channels: 2
Buffer samples: 512
Sample rate: 48000
MIDI messages: 0
=== VOICE MANAGER: Active voices: 0 ===
=== VOICE MANAGER: Active voices: 0 ===
=== AUDIO PROCESSOR PROCESS BLOCK ===
Buffer channels: 2
Buffer samples: 512
Sample rate: 48000
MIDI messages: 0
=== VOICE MANAGER: Active voices: 0 ===
=== VOICE MANAGER: Active voices: 0 ===
=== AUDIO PROCESSOR PROCESS BLOCK ===
Buffer channels: 2
Buffer samples: 512
Sample rate: 48000
MIDI messages: 0
=== VOICE MANAGER: Active voices: 0 ===
=== VOICE MANAGER: Active voices: 0 ===
=== AUDIO PROCESSOR PROCESS BLOCK ===
Buffer channels: 2
Buffer samples: 512
Sample rate: 48000
MIDI messages: 0
=== VOICE MANAGER: Active voices: 0 ===
=== VOICE MANAGER: Active voices: 0 ===
=== VOICE MANAGER: Active voices: 0 ===
=== AUDIO PROCESSOR PROCESS BLOCK ===
Buffer channels: 2
Buffer samples: 512
Sample rate: 48000
MIDI messages: 0
=== VOICE MANAGER: Active voices: 0 ===
=== VOICE MANAGER: Active voices: 0 ===
=== AUDIO PROCESSOR PROCESS BLOCK ===
Buffer channels: 2
Buffer samples: 512
Sample rate: 48000
MIDI messages: 0
=== VOICE MANAGER: Active voices: 0 ===
=== VOICE MANAGER: Active voices: 0 ===
=== AUDIO PROCESSOR PROCESS BLOCK ===
Buffer channels: 2
Buffer samples: 512
Sample rate: 48000
MIDI messages: 0
=== VOICE MANAGER: Active voices: 0 ===
=== VOICE MANAGER: Active voices: 0 ===
=== AUDIO PROCESSOR PROCESS BLOCK ===
Buffer channels: 2
Buffer samples: 512
Sample rate: 48000
MIDI messages: 0
=== VOICE MANAGER: Active voices: 0 ===
=== VOICE MANAGER: Active voices: 0 ===
=== AUDIO PROCESSOR PROCESS BLOCK ===
Buffer channels: 2
Buffer samples: 512
Sample rate: 48000
MIDI messages: 0
=== VOICE MANAGER: Active voices: 0 ===
=== VOICE MANAGER: Active voices: 0 ===
=== VOICE MANAGER: Active voices: 0 ===
=== AUDIO PROCESSOR PROCESS BLOCK ===
Buffer channels: 2
Buffer samples: 512
Sample rate: 48000
MIDI messages: 0
=== VOICE MANAGER: Active voices: 0 ===
=== VOICE MANAGER: Active voices: 0 ===
=== AUDIO PROCESSOR PROCESS BLOCK ===
Buffer channels: 2
Buffer samples: 512
Sample rate: 48000
MIDI messages: 0
=== VOICE MANAGER: Active voices: 0 ===
=== VOICE MANAGER: Active voices: 0 ===
=== AUDIO PROCESSOR PROCESS BLOCK ===
Buffer channels: 2
Buffer samples: 512
Sample rate: 48000
MIDI messages: 0
=== VOICE MANAGER: Active voices: 0 ===
=== VOICE MANAGER: Active voices: 0 ===
=== AUDIO PROCESSOR PROCESS BLOCK ===
Buffer channels: 2
Buffer samples: 512
Sample rate: 48000
MIDI messages: 0
=== VOICE MANAGER: Active voices: 0 ===
=== VOICE MANAGER: Active voices: 0 ===
=== AUDIO PROCESSOR PROCESS BLOCK ===
Buffer channels: 2
Buffer samples: 512
Sample rate: 48000
MIDI messages: 0
=== VOICE MANAGER: Active voices: 0 ===
=== VOICE MANAGER: Active voices: 0 ===
=== VOICE MANAGER: Active voices: 0 ===
=== AUDIO PROCESSOR PROCESS BLOCK ===
Buffer channels: 2
Buffer samples: 512
Sample rate: 48000
MIDI messages: 0
=== VOICE MANAGER: Active voices: 0 ===
=== VOICE MANAGER: Active voices: 0 ===
=== AUDIO PROCESSOR PROCESS BLOCK ===
Buffer channels: 2
Buffer samples: 512
Sample rate: 48000
MIDI messages: 0
=== VOICE MANAGER: Active voices: 0 ===
=== VOICE MANAGER: Active voices: 0 ===
=== AUDIO PROCESSOR PROCESS BLOCK ===
Buffer channels: 2
Buffer samples: 512
Sample rate: 48000
MIDI messages: 0
=== VOICE MANAGER: Active voices: 0 ===
=== VOICE MANAGER: Active voices: 0 ===
=== AUDIO PROCESSOR PROCESS BLOCK ===
Buffer channels: 2
Buffer samples: 512
Sample rate: 48000
MIDI messages: 0
=== VOICE MANAGER: Active voices: 0 ===
=== VOICE MANAGER: Active voices: 0 ===
=== AUDIO PROCESSOR PROCESS BLOCK ===
Buffer channels: 2
Buffer samples: 512
Sample rate: 48000
MIDI messages: 0
=== VOICE MANAGER: Active voices: 0 ===
=== VOICE MANAGER: Active voices: 0 ===
=== VOICE MANAGER: Active voices: 0 ===
=== AUDIO PROCESSOR PROCESS BLOCK ===
Buffer channels: 2
Buffer samples: 512
Sample rate: 48000
MIDI messages: 0
=== VOICE MANAGER: Active voices: 0 ===
=== VOICE MANAGER: Active voices: 0 ===
=== AUDIO PROCESSOR PROCESS BLOCK ===
Buffer channels: 2
Buffer samples: 512
Sample rate: 48000
MIDI messages: 0
=== VOICE MANAGER: Active voices: 0 ===
=== VOICE MANAGER: Active voices: 0 ===
=== AUDIO PROCESSOR PROCESS BLOCK ===
Buffer channels: 2
Buffer samples: 512
Sample rate: 48000
MIDI messages: 0
=== VOICE MANAGER: Active voices: 0 ===
=== VOICE MANAGER: Active voices: 0 ===
=== AUDIO PROCESSOR PROCESS BLOCK ===
Buffer channels: 2
Buffer samples: 512
Sample rate: 48000
MIDI messages: 0
=== VOICE MANAGER: Active voices: 0 ===
=== VOICE MANAGER: Active voices: 0 ===
=== AUDIO PROCESSOR PROCESS BLOCK ===
Buffer channels: 2
Buffer samples: 512
Sample rate: 48000
MIDI messages: 0
=== VOICE MANAGER: Active voices: 0 ===
